"Start of log file."
"C:/Users/?/Desktop/Muscle/ONEGAI~1/NEWUNI~1/Assets/OURGAM~1/GYM_MO~1/biggym/biggym.max"
"Starting max loading and fbx conversion"
window = undefined
"Settings units"
"Before fbx export"
"After fbx export"
"Finished max loading and fbx conversion"
"C:/Users/?/Desktop/Muscle/ONEGAI~1/NEWUNI~1/Assets/OURGAM~1/GYM_MO~1/gym/gym.max"
"Starting max loading and fbx conversion"
window = undefined
"Settings units"
"Before fbx export"
"After fbx export"
"Finished max loading and fbx conversion"
"C:/Users/?/Desktop/Muscle/ONEGAI~1/NEWUNI~1/Assets/OURGAM~1/GYM_MO~1/exerbike/exerbike.max"
"Starting max loading and fbx conversion"
window = undefined
"Settings units"
"Before fbx export"
"After fbx export"
"Finished max loading and fbx conversion"
